Line:56 at 2025-01-10 11:35:46,303 [DEBUG]: 
response received: Obtaining JSON from switch...
Done
Control utility for runtime P4 table manipulation
RuntimeCmd: Adding entry to lpm match table MyIngress.tb_ipv4_lpm
match key:           LPM-0a:00:01:05/32
action:              MyIngress.ac_ipv4_forward_mac
runtime data:        00:05	00:00:0a:00:01:05
Entry has been added with handle 0
RuntimeCmd: 

Line:66 at 2025-01-10 11:35:46,303 [DEBUG]: add entry with handle 0  

Line:56 at 2025-01-10 11:35:46,627 [DEBUG]: 
response received: Obtaining JSON from switch...
Done
Control utility for runtime P4 table manipulation
RuntimeCmd: Adding entry to exact match table MyIngress.tb_l2_forward
match key:           EXACT-00:00:0a:00:01:05
action:              ac_l2_forward
runtime data:        00:05
Entry has been added with handle 0
RuntimeCmd: 

Line:66 at 2025-01-10 11:35:46,627 [DEBUG]: add entry with handle 0  

Line:82 at 2025-01-10 11:35:46,791 [DEBUG]: getting entry handle from bmv2 for: 5 10.0.1.1
 Obtaining JSON from switch...
Done
Control utility for runtime P4 table manipulation
RuntimeCmd: Dumping entry 0x0
Match key:
* standard_metadata.ingress_port: EXACT     0005
* ipv4.dstIP                    : EXACT     0a000101
Action entry: MyIngress.ac_send_to_coordinator - 01fe
RuntimeCmd: 

Line:86 at 2025-01-10 11:35:46,791 [DEBUG]: handle is: 0 

Line:82 at 2025-01-10 11:35:47,140 [DEBUG]: getting entry handle from bmv2 for: 510 10.0.1.5
 Obtaining JSON from switch...
Done
Control utility for runtime P4 table manipulation
RuntimeCmd: Dumping entry 0x1
Match key:
* standard_metadata.ingress_port: EXACT     01fe
* ipv4.dstIP                    : EXACT     0a000105
Action entry: MyIngress.ac_send_to_coordinator - 05
RuntimeCmd: 

Line:86 at 2025-01-10 11:35:47,140 [DEBUG]: handle is: 1 

Line:56 at 2025-01-10 11:36:53,197 [DEBUG]: 
response received: Obtaining JSON from switch...
Done
Control utility for runtime P4 table manipulation
RuntimeCmd: Adding entry to lpm match table MyIngress.tb_ipv4_lpm
match key:           LPM-0a:00:01:04/32
action:              MyIngress.ac_ipv4_forward_mac
runtime data:        00:04	00:00:0a:00:01:04
Entry has been added with handle 0
RuntimeCmd: 

Line:66 at 2025-01-10 11:36:53,197 [DEBUG]: add entry with handle 0  

Line:56 at 2025-01-10 11:36:53,543 [DEBUG]: 
response received: Obtaining JSON from switch...
Done
Control utility for runtime P4 table manipulation
RuntimeCmd: Adding entry to exact match table MyIngress.tb_l2_forward
match key:           EXACT-00:00:0a:00:01:04
action:              ac_l2_forward
runtime data:        00:04
Entry has been added with handle 0
RuntimeCmd: 

Line:66 at 2025-01-10 11:36:53,543 [DEBUG]: add entry with handle 0  

Line:82 at 2025-01-10 11:36:53,707 [DEBUG]: getting entry handle from bmv2 for: 4 10.0.1.1
 Obtaining JSON from switch...
Done
Control utility for runtime P4 table manipulation
RuntimeCmd: Dumping entry 0x0
Match key:
* standard_metadata.ingress_port: EXACT     0004
* ipv4.dstIP                    : EXACT     0a000101
Action entry: MyIngress.ac_send_to_coordinator - 01fe
RuntimeCmd: 

Line:86 at 2025-01-10 11:36:53,707 [DEBUG]: handle is: 0 

Line:82 at 2025-01-10 11:36:54,039 [DEBUG]: getting entry handle from bmv2 for: 510 10.0.1.4
 Obtaining JSON from switch...
Done
Control utility for runtime P4 table manipulation
RuntimeCmd: Dumping entry 0x1
Match key:
* standard_metadata.ingress_port: EXACT     01fe
* ipv4.dstIP                    : EXACT     0a000104
Action entry: MyIngress.ac_send_to_coordinator - 04
RuntimeCmd: 

Line:86 at 2025-01-10 11:36:54,039 [DEBUG]: handle is: 1 

